0 info it worked if it ends with ok
1 verbose cli [ 'node', '/usr/local/bin/npm', 'install' ]
2 info using npm@1.4.28
3 info using node@v0.10.33
4 verbose readDependencies using package.json deps
5 verbose install where, deps [ '/Users/stevenfu/Documents/nodejs/thoughts',
5 verbose install   [ 'body-parser',
5 verbose install     'cheerio',
5 verbose install     'connect-flash',
5 verbose install     'connect-mongodb-session',
5 verbose install     'connect-multiparty',
5 verbose install     'cookie-parser',
5 verbose install     'ejs',
5 verbose install     'express',
5 verbose install     'express-session',
5 verbose install     'iconv-lite',
5 verbose install     'mongoose',
5 verbose install     'morgan',
5 verbose install     'node-bing-api',
5 verbose install     'node-schedule',
5 verbose install     'nodemailer',
5 verbose install     'promise',
5 verbose install     'raw-body',
5 verbose install     'request',
5 verbose install     'serve-favicon' ] ]
6 info preinstall Thoughts@1.0.0
7 verbose readDependencies using package.json deps
8 verbose already installed skipping cheerio@^0.19.0 /Users/stevenfu/Documents/nodejs/thoughts
9 verbose already installed skipping connect-flash@^0.1.1 /Users/stevenfu/Documents/nodejs/thoughts
10 verbose already installed skipping connect-mongodb-session@^1.1.0 /Users/stevenfu/Documents/nodejs/thoughts
11 verbose already installed skipping connect-multiparty@^2.0.0 /Users/stevenfu/Documents/nodejs/thoughts
12 verbose already installed skipping cookie-parser@^1.4.0 /Users/stevenfu/Documents/nodejs/thoughts
13 verbose already installed skipping ejs@2.3.4 /Users/stevenfu/Documents/nodejs/thoughts
14 verbose already installed skipping express@^4.13.3 /Users/stevenfu/Documents/nodejs/thoughts
15 verbose already installed skipping express-session@^1.13.0 /Users/stevenfu/Documents/nodejs/thoughts
16 verbose already installed skipping iconv-lite@^0.4.13 /Users/stevenfu/Documents/nodejs/thoughts
17 verbose already installed skipping mongoose@^4.3.5 /Users/stevenfu/Documents/nodejs/thoughts
18 verbose already installed skipping morgan@^1.6.1 /Users/stevenfu/Documents/nodejs/thoughts
19 verbose already installed skipping node-bing-api@^2.3.0 /Users/stevenfu/Documents/nodejs/thoughts
20 verbose already installed skipping node-schedule@^0.6.0 /Users/stevenfu/Documents/nodejs/thoughts
21 verbose already installed skipping nodemailer@^2.0.0 /Users/stevenfu/Documents/nodejs/thoughts
22 verbose cache add [ 'promise@^7.1.1', null ]
23 verbose cache add name=undefined spec="promise@^7.1.1" args=["promise@^7.1.1",null]
24 verbose parsed url { protocol: null,
24 verbose parsed url   slashes: null,
24 verbose parsed url   auth: null,
24 verbose parsed url   host: null,
24 verbose parsed url   port: null,
24 verbose parsed url   hostname: null,
24 verbose parsed url   hash: null,
24 verbose parsed url   search: null,
24 verbose parsed url   query: null,
24 verbose parsed url   pathname: 'promise@^7.1.1',
24 verbose parsed url   path: 'promise@^7.1.1',
24 verbose parsed url   href: 'promise@^7.1.1' }
25 verbose already installed skipping raw-body@^2.1.5 /Users/stevenfu/Documents/nodejs/thoughts
26 verbose already installed skipping request@^2.69.0 /Users/stevenfu/Documents/nodejs/thoughts
27 verbose cache add name="promise" spec="^7.1.1" args=["promise","^7.1.1"]
28 verbose parsed url { protocol: null,
28 verbose parsed url   slashes: null,
28 verbose parsed url   auth: null,
28 verbose parsed url   host: null,
28 verbose parsed url   port: null,
28 verbose parsed url   hostname: null,
28 verbose parsed url   hash: null,
28 verbose parsed url   search: null,
28 verbose parsed url   query: null,
28 verbose parsed url   pathname: '^7.1.1',
28 verbose parsed url   path: '^7.1.1',
28 verbose parsed url   href: '^7.1.1' }
29 verbose addNamed [ 'promise', '^7.1.1' ]
30 verbose addNamed [ null, '>=7.1.1-0 <8.0.0-0' ]
31 verbose already installed skipping serve-favicon@^2.3.0 /Users/stevenfu/Documents/nodejs/thoughts
32 silly lockFile 4c3ce3dd-promise-7-1-1 promise@^7.1.1
33 verbose lock promise@^7.1.1 /Users/stevenfu/.npm/4c3ce3dd-promise-7-1-1.lock
34 verbose already installed skipping body-parser@^1.14.2 /Users/stevenfu/Documents/nodejs/thoughts
35 silly addNameRange { name: 'promise', range: '>=7.1.1-0 <8.0.0-0', hasData: false }
36 verbose request where is /promise
37 verbose request registry https://registry.npmjs.org/
38 verbose request id 4f46bd968486ef96
39 verbose url raw /promise
40 verbose url resolving [ 'https://registry.npmjs.org/', './promise' ]
41 verbose url resolved https://registry.npmjs.org/promise
42 verbose request where is https://registry.npmjs.org/promise
43 info trying registry request attempt 1 at 20:19:29
44 verbose etag "BSKRUBODVZT9ZQ502450GPXMM"
45 http GET https://registry.npmjs.org/promise
46 http 200 https://registry.npmjs.org/promise
47 silly registry.get cb [ 200,
47 silly registry.get   { server: 'CouchDB/1.5.0 (Erlang OTP/R16B03)',
47 silly registry.get     etag: '"DCYOZHLCKHCB0I4B1A71C6G1S"',
47 silly registry.get     'content-type': 'application/json',
47 silly registry.get     'cache-control': 'max-age=300',
47 silly registry.get     'content-length': '34744',
47 silly registry.get     'accept-ranges': 'bytes',
47 silly registry.get     date: 'Mon, 22 Feb 2016 12:19:23 GMT',
47 silly registry.get     via: '1.1 varnish',
47 silly registry.get     age: '201',
47 silly registry.get     connection: 'keep-alive',
47 silly registry.get     'x-served-by': 'cache-nrt6134-NRT',
47 silly registry.get     'x-cache': 'HIT',
47 silly registry.get     'x-cache-hits': '2',
47 silly registry.get     'x-timer': 'S1456143563.988448,VS0,VE0',
47 silly registry.get     vary: 'Accept' } ]
48 silly addNameRange number 2 { name: 'promise', range: '>=7.1.1-0 <8.0.0-0', hasData: true }
49 silly addNameRange versions [ 'promise',
49 silly addNameRange   [ '1.2.1',
49 silly addNameRange     '1.2.2',
49 silly addNameRange     '1.3.0',
49 silly addNameRange     '2.0.0',
49 silly addNameRange     '3.0.0',
49 silly addNameRange     '3.0.1',
49 silly addNameRange     '3.1.0',
49 silly addNameRange     '3.2.0',
49 silly addNameRange     '4.0.0',
49 silly addNameRange     '5.0.0',
49 silly addNameRange     '6.0.0',
49 silly addNameRange     '6.0.1',
49 silly addNameRange     '6.1.0',
49 silly addNameRange     '7.0.0',
49 silly addNameRange     '7.0.1',
49 silly addNameRange     '7.0.2',
49 silly addNameRange     '7.0.3',
49 silly addNameRange     '7.0.4',
49 silly addNameRange     '7.1.0',
49 silly addNameRange     '7.1.1' ] ]
50 verbose addNamed [ 'promise', '7.1.1' ]
51 verbose addNamed [ '7.1.1', '7.1.1' ]
52 silly lockFile 05614bad-promise-7-1-1 promise@7.1.1
53 verbose lock promise@7.1.1 /Users/stevenfu/.npm/05614bad-promise-7-1-1.lock
54 silly lockFile 797e2f9b-js-org-promise-promise-7-1-1-tgz https://registry.npmjs.org/promise/-/promise-7.1.1.tgz
55 verbose lock https://registry.npmjs.org/promise/-/promise-7.1.1.tgz /Users/stevenfu/.npm/797e2f9b-js-org-promise-promise-7-1-1-tgz.lock
56 verbose addRemoteTarball [ 'https://registry.npmjs.org/promise/-/promise-7.1.1.tgz',
56 verbose addRemoteTarball   '489654c692616b8aa55b0724fa809bb7db49c5bf' ]
57 info retry fetch attempt 1 at 20:19:30
58 verbose fetch to= /var/folders/75/vy9_6r457jb1q_4yrj2c1nsr0000gn/T/npm-23550-RRJ8IWeP/registry.npmjs.org/promise/-/promise-7.1.1.tgz
59 http GET https://registry.npmjs.org/promise/-/promise-7.1.1.tgz
60 http 200 https://registry.npmjs.org/promise/-/promise-7.1.1.tgz
61 silly lockFile 797e2f9b-js-org-promise-promise-7-1-1-tgz https://registry.npmjs.org/promise/-/promise-7.1.1.tgz
62 silly lockFile 797e2f9b-js-org-promise-promise-7-1-1-tgz https://registry.npmjs.org/promise/-/promise-7.1.1.tgz
63 silly lockFile 05614bad-promise-7-1-1 promise@7.1.1
64 silly lockFile 05614bad-promise-7-1-1 promise@7.1.1
65 silly lockFile 4c3ce3dd-promise-7-1-1 promise@^7.1.1
66 silly lockFile 4c3ce3dd-promise-7-1-1 promise@^7.1.1
67 error Error: EACCES, mkdir '/Users/stevenfu/.npm/promise/7.1.1'
67 error  { [Error: EACCES, mkdir '/Users/stevenfu/.npm/promise/7.1.1']
67 error   errno: 3,
67 error   code: 'EACCES',
67 error   path: '/Users/stevenfu/.npm/promise/7.1.1',
67 error   parent: 'Thoughts' }
68 error Please try running this command again as root/Administrator.
69 error System Darwin 15.4.0
70 error command "node" "/usr/local/bin/npm" "install"
71 error cwd /Users/stevenfu/Documents/nodejs/thoughts
72 error node -v v0.10.33
73 error npm -v 1.4.28
74 error path /Users/stevenfu/.npm/promise/7.1.1
75 error code EACCES
76 error errno 3
77 error stack Error: EACCES, mkdir '/Users/stevenfu/.npm/promise/7.1.1'
78 verbose exit [ 3, true ]
